<?xml version="1.0" encoding="UTF-8"?>
<testng-results skipped="0" failed="0" ignored="0" total="1" passed="1">
  <reporter-output>
  </reporter-output>
  <suite name="Default suite" duration-ms="19527" started-at="2020-09-02T00:10:59 IST" finished-at="2020-09-02T00:11:18 IST">
    <groups>
    </groups>
    <test name="Default test" duration-ms="19527" started-at="2020-09-02T00:10:59 IST" finished-at="2020-09-02T00:11:18 IST">
      <class name="demoqa.testcases.LandingPageTestCase">
        <test-method status="PASS" signature="verifyTitleOnLandingPage()[pri:0, instance:demoqa.testcases.LandingPageTestCase@50b494a6]" name="verifyTitleOnLandingPage" duration-ms="19434" started-at="2020-09-02T00:10:59 IST" finished-at="2020-09-02T00:11:18 IST">
          <reporter-output>
          </reporter-output>
        </test-method> <!-- verifyTitleOnLandingPage -->
      </class> <!-- demoqa.testcases.LandingPageTestCase -->
    </test> <!-- Default test -->
  </suite> <!-- Default suite -->
</testng-results>
